<?xml version="1.0" encoding="UTF-8"?>
<testng-results skipped="2" failed="0" total="2" passed="0">
  <reporter-output>
  </reporter-output>
  <suite name="Live Guru" duration-ms="567" started-at="2018-12-21T13:31:31Z" finished-at="2018-12-21T13:31:32Z">
    <groups>
    </groups>
    <test name="Run on CHROME" duration-ms="567" started-at="2018-12-21T13:31:31Z" finished-at="2018-12-21T13:31:32Z">
      <class name="com.liveguru.account.Account_01_RegisterAndLogin">
        <test-method status="FAIL" signature="beforeClass(java.lang.String, java.lang.String)[pri:0, instance:com.liveguru.account.Account_01_RegisterAndLogin@27f674d]" name="beforeClass" is-config="true" duration-ms="0" started-at="2018-12-21T20:31:31Z" finished-at="2018-12-21T20:31:31Z">
          <params>
            <param index="0">
              <value>
                <![CDATA[chrome]]>
              </value>
            </param>
            <param index="1">
              <value>
                <![CDATA[http://live.guru99.com]]>
              </value>
            </param>
          </params>
          <exception class="java.lang.IllegalStateException">
            <message>
              <![CDATA[The driver executable does not exist: D:\Automation tester_Online\Maven_Page_Object\.\resources\chromedriver.exe]]>
            </message>
            <full-stacktrace>
              <![CDATA[java.lang.IllegalStateException: The driver executable does not exist: D:\Automation tester_Online\Maven_Page_Object\.\resources\chromedriver.exe
	at com.google.common.base.Preconditions.checkState(Preconditions.java:199)
	at org.openqa.selenium.remote.service.DriverService.checkExecutable(DriverService.java:121)
	at org.openqa.selenium.remote.service.DriverService.findExecutable(DriverService.java:116)
	at org.openqa.selenium.chrome.ChromeDriverService.access$000(ChromeDriverService.java:32)
	at org.openqa.selenium.chrome.ChromeDriverService$Builder.findDefaultExecutable(ChromeDriverService.java:137)
	at org.openqa.selenium.remote.service.DriverService$Builder.build(DriverService.java:296)
	at org.openqa.selenium.chrome.ChromeDriverService.createDefaultService(ChromeDriverService.java:88)
	at org.openqa.selenium.chrome.ChromeDriver.<init>(ChromeDriver.java:116)
	at commons.AbstractTest.openMultiBrowser(AbstractTest.java:19)
	at com.liveguru.account.Account_01_RegisterAndLogin.beforeClass(Account_01_RegisterAndLogin.java:21)
	at sun.reflect.NativeMethodAccessorImpl.invoke0(Native Method)
	at sun.reflect.NativeMethodAccessorImpl.invoke(NativeMethodAccessorImpl.java:62)
	at sun.reflect.DelegatingMethodAccessorImpl.invoke(DelegatingMethodAccessorImpl.java:43)
	at java.lang.reflect.Method.invoke(Method.java:498)
	at org.testng.internal.MethodInvocationHelper.invokeMethod(MethodInvocationHelper.java:86)
	at org.testng.internal.Invoker.invokeConfigurationMethod(Invoker.java:514)
	at org.testng.internal.Invoker.invokeConfigurations(Invoker.java:215)
	at org.testng.internal.Invoker.invokeConfigurations(Invoker.java:142)
	at org.testng.internal.TestMethodWorker.invokeBeforeClassMethods(TestMethodWorker.java:178)
	at org.testng.internal.TestMethodWorker.run(TestMethodWorker.java:108)
	at org.testng.TestRunner.privateRun(TestRunner.java:782)
	at org.testng.TestRunner.run(TestRunner.java:632)
	at org.testng.SuiteRunner.runTest(SuiteRunner.java:366)
	at org.testng.SuiteRunner.runSequentially(SuiteRunner.java:361)
	at org.testng.SuiteRunner.privateRun(SuiteRunner.java:319)
	at org.testng.SuiteRunner.run(SuiteRunner.java:268)
	at org.testng.SuiteRunnerWorker.runSuite(SuiteRunnerWorker.java:52)
	at org.testng.SuiteRunnerWorker.run(SuiteRunnerWorker.java:86)
	at org.testng.TestNG.runSuitesSequentially(TestNG.java:1244)
	at org.testng.TestNG.runSuitesLocally(TestNG.java:1169)
	at org.testng.TestNG.run(TestNG.java:1064)
	at org.testng.remote.RemoteTestNG.run(RemoteTestNG.java:113)
	at org.testng.remote.RemoteTestNG.initAndRun(RemoteTestNG.java:206)
	at org.testng.remote.RemoteTestNG.main(RemoteTestNG.java:177)
]]>
            </full-stacktrace>
          </exception> <!-- java.lang.IllegalStateException -->
          <reporter-output>
          </reporter-output>
        </test-method> <!-- beforeClass -->
        <test-method status="SKIP" signature="TC_01_Regiser()[pri:0, instance:com.liveguru.account.Account_01_RegisterAndLogin@27f674d]" name="TC_01_Regiser" duration-ms="1" started-at="2018-12-21T20:31:32Z" finished-at="2018-12-21T20:31:32Z">
          <reporter-output>
          </reporter-output>
        </test-method> <!-- TC_01_Regiser -->
        <test-method status="SKIP" signature="TC_02_Login()[pri:0, instance:com.liveguru.account.Account_01_RegisterAndLogin@27f674d]" name="TC_02_Login" duration-ms="0" started-at="2018-12-21T20:31:32Z" finished-at="2018-12-21T20:31:32Z">
          <reporter-output>
          </reporter-output>
        </test-method> <!-- TC_02_Login -->
        <test-method status="SKIP" signature="afterClass()[pri:0, instance:com.liveguru.account.Account_01_RegisterAndLogin@27f674d]" name="afterClass" is-config="true" duration-ms="0" started-at="2018-12-21T20:31:32Z" finished-at="2018-12-21T20:31:32Z">
          <reporter-output>
          </reporter-output>
        </test-method> <!-- afterClass -->
      </class> <!-- com.liveguru.account.Account_01_RegisterAndLogin -->
    </test> <!-- Run on CHROME -->
  </suite> <!-- Live Guru -->
</testng-results>
